2018-01-23 10:48:23 - PHP Warning:  ini_set() has been disabled for security reasons in /home/navya238/public_html/catalog/controller/extension/module/pavsliderlayer.php on line 10
2018-01-23 15:16:04 - PHP Warning:  ini_set() has been disabled for security reasons in /home/navya238/public_html/catalog/controller/extension/module/pavsliderlayer.php on line 10
2018-01-23 20:35:55 - PHP Warning:  ini_set() has been disabled for security reasons in /home/navya238/public_html/catalog/controller/extension/module/pavsliderlayer.php on line 10
2018-01-23 20:38:25 - PHP Warning:  ini_set() has been disabled for security reasons in /home/navya238/public_html/catalog/controller/extension/module/pavsliderlayer.php on line 10
2018-01-23 20:38:36 - PHP Warning:  ini_set() has been disabled for security reasons in /home/navya238/public_html/catalog/controller/extension/module/pavsliderlayer.php on line 10
2018-01-23 20:38:53 - PHP Warning:  ini_set() has been disabled for security reasons in /home/navya238/public_html/catalog/controller/extension/module/pavsliderlayer.php on line 10
2018-01-28 23:13:30 - PHP Notice:  Undefined index:  in /home/navya238/public_html/catalog/view/theme/pav_krstore/template/information/contact.tpl on line 74
2018-01-29 0:44:57 - PHP Notice:  Undefined index: recurring_id in /home/navya238/public_html/admin/model/catalog/product.php on line 274
2018-01-30 2:06:57 - PHP Warning:  Invalid argument supplied for foreach() in /home/navya238/public_html/vqmod/vqcache/vq2-system_engine_loader.php on line 53
2018-01-30 2:06:58 - PHP Warning:  Invalid argument supplied for foreach() in /home/navya238/public_html/vqmod/vqcache/vq2-system_engine_loader.php on line 53
2018-01-30 2:06:59 - PHP Warning:  Invalid argument supplied for foreach() in /home/navya238/public_html/vqmod/vqcache/vq2-system_engine_loader.php on line 53
2018-01-30 2:07:01 - PHP Warning:  Invalid argument supplied for foreach() in /home/navya238/public_html/vqmod/vqcache/vq2-system_engine_loader.php on line 53
2018-01-30 2:07:03 - PHP Warning:  Invalid argument supplied for foreach() in /home/navya238/public_html/vqmod/vqcache/vq2-system_engine_loader.php on line 53
2018-01-30 2:07:07 - PHP Warning:  Invalid argument supplied for foreach() in /home/navya238/public_html/vqmod/vqcache/vq2-system_engine_loader.php on line 53
2018-02-19 16:10:58 - PHP Warning:  chmod() has been disabled for security reasons in /home/navya238/public_html/admin/controller/common/filemanager.php on line 340
2018-02-19 16:13:10 - PHP Warning:  chmod() has been disabled for security reasons in /home/navya238/public_html/admin/controller/common/filemanager.php on line 340
2018-02-19 16:51:36 - PHP Warning:  chmod() has been disabled for security reasons in /home/navya238/public_html/admin/controller/common/filemanager.php on line 340
2018-02-19 17:32:28 - PHP Warning:  chmod() has been disabled for security reasons in /home/navya238/public_html/admin/controller/common/filemanager.php on line 340
2018-02-19 17:34:19 - PHP Warning:  chmod() has been disabled for security reasons in /home/navya238/public_html/admin/controller/common/filemanager.php on line 340
2018-02-19 17:49:49 - PHP Warning:  chmod() has been disabled for security reasons in /home/navya238/public_html/admin/controller/common/filemanager.php on line 340
2018-02-19 17:52:35 - PHP Warning:  chmod() has been disabled for security reasons in /home/navya238/public_html/admin/controller/common/filemanager.php on line 340
2018-02-19 17:55:13 - PHP Warning:  chmod() has been disabled for security reasons in /home/navya238/public_html/admin/controller/common/filemanager.php on line 340
2018-02-19 17:58:07 - PHP Warning:  chmod() has been disabled for security reasons in /home/navya238/public_html/admin/controller/common/filemanager.php on line 340
2018-02-19 18:02:22 - PHP Warning:  chmod() has been disabled for security reasons in /home/navya238/public_html/admin/controller/common/filemanager.php on line 340
2018-02-19 18:08:42 - PHP Warning:  chmod() has been disabled for security reasons in /home/navya238/public_html/admin/controller/common/filemanager.php on line 340
2018-02-19 18:14:15 - PHP Warning:  chmod() has been disabled for security reasons in /home/navya238/public_html/admin/controller/common/filemanager.php on line 340
2018-02-19 18:14:26 - PHP Warning:  chmod() has been disabled for security reasons in /home/navya238/public_html/admin/controller/common/filemanager.php on line 340
2018-02-19 18:18:10 - PHP Warning:  chmod() has been disabled for security reasons in /home/navya238/public_html/admin/controller/common/filemanager.php on line 340
2018-02-19 18:20:05 - PHP Warning:  chmod() has been disabled for security reasons in /home/navya238/public_html/admin/controller/common/filemanager.php on line 340
2018-02-19 18:23:21 - PHP Warning:  chmod() has been disabled for security reasons in /home/navya238/public_html/admin/controller/common/filemanager.php on line 340
2018-02-19 18:25:06 - PHP Warning:  chmod() has been disabled for security reasons in /home/navya238/public_html/admin/controller/common/filemanager.php on line 340
2018-02-19 18:27:27 - PHP Warning:  chmod() has been disabled for security reasons in /home/navya238/public_html/admin/controller/common/filemanager.php on line 340
2018-02-19 18:31:00 - PHP Warning:  chmod() has been disabled for security reasons in /home/navya238/public_html/admin/controller/common/filemanager.php on line 340
2018-02-19 18:32:58 - PHP Warning:  chmod() has been disabled for security reasons in /home/navya238/public_html/admin/controller/common/filemanager.php on line 340
2018-02-19 18:49:08 - PHP Warning:  chmod() has been disabled for security reasons in /home/navya238/public_html/admin/controller/common/filemanager.php on line 340
2018-02-19 18:54:20 - PHP Warning:  chmod() has been disabled for security reasons in /home/navya238/public_html/admin/controller/common/filemanager.php on line 340
2018-02-19 19:04:03 - PHP Warning:  chmod() has been disabled for security reasons in /home/navya238/public_html/admin/controller/common/filemanager.php on line 340
2018-02-19 19:07:03 - PHP Warning:  chmod() has been disabled for security reasons in /home/navya238/public_html/admin/controller/common/filemanager.php on line 340
2018-02-19 19:10:44 - PHP Warning:  chmod() has been disabled for security reasons in /home/navya238/public_html/admin/controller/common/filemanager.php on line 340
2018-02-19 19:31:31 - PHP Warning:  chmod() has been disabled for security reasons in /home/navya238/public_html/admin/controller/common/filemanager.php on line 340
2018-02-26 9:22:07 - PHP Notice:  Undefined offset: 3 in /home/navya238/public_html/catalog/view/theme/pav_krstore/template/information/contact.tpl on line 74
2018-02-26 15:55:38 - PHP Notice:  Undefined offset: 3 in /home/navya238/public_html/catalog/view/theme/pav_krstore/template/information/contact.tpl on line 74
2018-02-27 14:07:22 - PHP Notice:  Undefined offset: 3 in /home/navya238/public_html/catalog/view/theme/pav_krstore/template/information/contact.tpl on line 74
2018-03-01 21:42:41 - PHP Notice:  Undefined variable: show_title in /home/navya238/public_html/catalog/view/theme/pav_krstore/template/extension/module/widgets/sub_categories.tpl on line 1
2018-03-01 21:42:41 - PHP Notice:  Undefined variable: addition_cls in /home/navya238/public_html/catalog/view/theme/pav_krstore/template/extension/module/widgets/sub_categories.tpl on line 3
2018-03-01 21:42:41 - PHP Notice:  Undefined variable: subcategories in /home/navya238/public_html/catalog/view/theme/pav_krstore/template/extension/module/widgets/sub_categories.tpl on line 5
2018-03-01 21:42:41 - PHP Warning:  Invalid argument supplied for foreach() in /home/navya238/public_html/catalog/view/theme/pav_krstore/template/extension/module/widgets/sub_categories.tpl on line 5
2018-03-01 21:42:41 - PHP Notice:  Undefined variable: show_title in /home/navya238/public_html/catalog/view/theme/pav_krstore/template/extension/module/widgets/sub_categories.tpl on line 1
2018-03-01 21:42:41 - PHP Notice:  Undefined variable: addition_cls in /home/navya238/public_html/catalog/view/theme/pav_krstore/template/extension/module/widgets/sub_categories.tpl on line 3
2018-03-01 21:42:41 - PHP Notice:  Undefined variable: subcategories in /home/navya238/public_html/catalog/view/theme/pav_krstore/template/extension/module/widgets/sub_categories.tpl on line 5
2018-03-01 21:42:41 - PHP Warning:  Invalid argument supplied for foreach() in /home/navya238/public_html/catalog/view/theme/pav_krstore/template/extension/module/widgets/sub_categories.tpl on line 5
2018-03-02 0:10:31 - PHP Warning:  chmod() has been disabled for security reasons in /home/navya238/public_html/admin/controller/common/filemanager.php on line 340
2018-03-03 3:15:21 - PHP Warning:  chmod() has been disabled for security reasons in /home/navya238/public_html/admin/controller/common/filemanager.php on line 340
2018-03-09 8:53:12 - PHP Notice:  Undefined offset: 3 in /home/navya238/public_html/catalog/view/theme/pav_krstore/template/information/contact.tpl on line 74
2018-03-09 8:53:38 - PHP Notice:  Undefined offset: 3 in /home/navya238/public_html/catalog/view/theme/pav_krstore/template/information/contact.tpl on line 74
2018-03-10 19:31:24 - PHP Warning:  chmod() has been disabled for security reasons in /home/navya238/public_html/admin/controller/common/filemanager.php on line 340
2018-03-10 19:48:04 - PHP Warning:  chmod() has been disabled for security reasons in /home/navya238/public_html/admin/controller/common/filemanager.php on line 340
2018-03-11 15:23:35 - PHP Warning:  chmod() has been disabled for security reasons in /home/navya238/public_html/admin/controller/common/filemanager.php on line 340
2018-03-11 15:37:11 - PHP Warning:  chmod() has been disabled for security reasons in /home/navya238/public_html/admin/controller/common/filemanager.php on line 340
2018-03-11 15:38:07 - PHP Warning:  chmod() has been disabled for security reasons in /home/navya238/public_html/admin/controller/common/filemanager.php on line 340
2018-03-11 15:55:31 - PHP Warning:  chmod() has been disabled for security reasons in /home/navya238/public_html/admin/controller/common/filemanager.php on line 340
2018-03-12 7:41:58 - PHP Notice:  Undefined offset: 3 in /home/navya238/public_html/catalog/view/theme/pav_krstore/template/information/contact.tpl on line 74
2018-03-12 15:36:54 - PHP Notice:  Undefined offset: 3 in /home/navya238/public_html/catalog/view/theme/pav_krstore/template/information/contact.tpl on line 74
2018-03-12 15:39:36 - PHP Notice:  Undefined offset: 3 in /home/navya238/public_html/catalog/view/theme/pav_krstore/template/information/contact.tpl on line 74
2018-03-13 11:15:47 - PHP Warning:  chmod() has been disabled for security reasons in /home/navya238/public_html/admin/controller/common/filemanager.php on line 340
2018-03-13 14:16:28 - PHP Warning:  chmod() has been disabled for security reasons in /home/navya238/public_html/admin/controller/common/filemanager.php on line 340
2018-03-13 14:28:32 - PHP Warning:  chmod() has been disabled for security reasons in /home/navya238/public_html/admin/controller/common/filemanager.php on line 340
2018-03-13 14:28:37 - PHP Warning:  chmod() has been disabled for security reasons in /home/navya238/public_html/admin/controller/common/filemanager.php on line 340
2018-03-13 14:28:41 - PHP Warning:  chmod() has been disabled for security reasons in /home/navya238/public_html/admin/controller/common/filemanager.php on line 340
2018-03-13 14:28:46 - PHP Warning:  chmod() has been disabled for security reasons in /home/navya238/public_html/admin/controller/common/filemanager.php on line 340
2018-03-13 14:28:50 - PHP Warning:  chmod() has been disabled for security reasons in /home/navya238/public_html/admin/controller/common/filemanager.php on line 340
2018-03-13 14:28:54 - PHP Warning:  chmod() has been disabled for security reasons in /home/navya238/public_html/admin/controller/common/filemanager.php on line 340
2018-03-13 14:28:59 - PHP Warning:  chmod() has been disabled for security reasons in /home/navya238/public_html/admin/controller/common/filemanager.php on line 340
2018-03-13 14:29:03 - PHP Warning:  chmod() has been disabled for security reasons in /home/navya238/public_html/admin/controller/common/filemanager.php on line 340
2018-03-13 14:29:07 - PHP Warning:  chmod() has been disabled for security reasons in /home/navya238/public_html/admin/controller/common/filemanager.php on line 340
2018-03-13 14:29:11 - PHP Warning:  chmod() has been disabled for security reasons in /home/navya238/public_html/admin/controller/common/filemanager.php on line 340
2018-03-17 14:01:29 - PHP Notice:  Undefined offset: 3 in /home/navya238/public_html/catalog/view/theme/pav_krstore/template/information/contact.tpl on line 74
2018-03-18 10:17:56 - PHP Warning:  chmod() has been disabled for security reasons in /home/navya238/public_html/admin/controller/common/filemanager.php on line 340
2018-03-19 18:20:46 - PHP Notice:  Undefined offset: 3 in /home/navya238/public_html/catalog/view/theme/pav_krstore/template/information/contact.tpl on line 74
2018-04-04 14:31:05 - PHP Notice:  Undefined offset: 3 in /home/navya238/public_html/catalog/view/theme/pav_krstore/template/information/contact.tpl on line 74
2018-04-05 17:04:59 - PHP Notice:  Undefined offset: 3 in /home/navya238/public_html/catalog/view/theme/pav_krstore/template/information/contact.tpl on line 74
2018-04-06 7:40:43 - PHP Notice:  Undefined offset: 3 in /home/navya238/public_html/catalog/view/theme/pav_krstore/template/information/contact.tpl on line 74
2018-04-07 13:53:39 - PHP Notice:  Undefined offset: 3 in /home/navya238/public_html/catalog/view/theme/pav_krstore/template/information/contact.tpl on line 74
2018-04-07 15:22:38 - PHP Notice:  Undefined offset: 3 in /home/navya238/public_html/catalog/view/theme/pav_krstore/template/information/contact.tpl on line 74
2018-04-09 13:28:45 - PHP Notice:  Undefined offset: 3 in /home/navya238/public_html/catalog/view/theme/pav_krstore/template/information/contact.tpl on line 74
2018-04-09 18:12:12 - PHP Notice:  Undefined offset: 3 in /home/navya238/public_html/catalog/view/theme/pav_krstore/template/information/contact.tpl on line 74
2018-04-11 8:56:07 - PHP Notice:  Undefined offset: 3 in /home/navya238/public_html/catalog/view/theme/pav_krstore/template/information/contact.tpl on line 74
2018-04-11 14:36:33 - PHP Warning:  chmod() has been disabled for security reasons in /home/navya238/public_html/admin/controller/common/filemanager.php on line 340
2018-04-11 14:39:37 - PHP Warning:  chmod() has been disabled for security reasons in /home/navya238/public_html/admin/controller/common/filemanager.php on line 340
2018-04-11 14:39:55 - PHP Warning:  chmod() has been disabled for security reasons in /home/navya238/public_html/admin/controller/common/filemanager.php on line 340
2018-04-13 9:46:38 - PHP Notice:  Undefined offset: 3 in /home/navya238/public_html/catalog/view/theme/pav_krstore/template/information/contact.tpl on line 74
2018-04-13 9:46:38 - PHP Notice:  Undefined offset: 3 in /home/navya238/public_html/catalog/view/theme/pav_krstore/template/information/contact.tpl on line 74
2018-04-13 13:48:23 - PHP Notice:  Undefined offset: 3 in /home/navya238/public_html/catalog/view/theme/pav_krstore/template/information/contact.tpl on line 74
2018-04-14 2:01:55 - PHP Notice:  Undefined offset: 3 in /home/navya238/public_html/catalog/view/theme/pav_krstore/template/information/contact.tpl on line 74
2018-04-14 2:03:40 - PHP Notice:  Undefined offset: 3 in /home/navya238/public_html/catalog/view/theme/pav_krstore/template/information/contact.tpl on line 74
2018-04-14 2:04:45 - PHP Notice:  Undefined offset: 3 in /home/navya238/public_html/catalog/view/theme/pav_krstore/template/information/contact.tpl on line 74
2018-04-19 10:13:27 - PHP Notice:  Undefined offset: 3 in /home/navya238/public_html/catalog/view/theme/pav_krstore/template/information/contact.tpl on line 74
2018-04-23 11:40:13 - PHP Notice:  Undefined offset: 3 in /home/navya238/public_html/catalog/view/theme/pav_krstore/template/information/contact.tpl on line 74
2018-04-24 10:29:31 - PHP Notice:  Undefined offset: 3 in /home/navya238/public_html/catalog/view/theme/pav_krstore/template/information/contact.tpl on line 74
2018-05-04 14:39:33 - PHP Notice:  Undefined offset: 3 in /home/navya238/public_html/catalog/view/theme/pav_krstore/template/information/contact.tpl on line 74
2018-05-07 15:11:07 - PHP Notice:  Undefined offset: 3 in /home/navya238/public_html/catalog/view/theme/pav_krstore/template/information/contact.tpl on line 74
2018-05-12 0:07:18 - PHP Notice:  Undefined offset: 3 in /home/navya238/public_html/catalog/view/theme/pav_krstore/template/information/contact.tpl on line 74
2018-05-16 21:12:26 - PHP Notice:  Undefined offset: 3 in /home/navya238/public_html/catalog/view/theme/pav_krstore/template/information/contact.tpl on line 74
2018-05-18 10:00:28 - PHP Notice:  Undefined offset: 3 in /home/navya238/public_html/catalog/view/theme/pav_krstore/template/information/contact.tpl on line 74
2018-05-18 13:38:48 - PHP Notice:  Undefined offset: 3 in /home/navya238/public_html/catalog/view/theme/pav_krstore/template/information/contact.tpl on line 74
